Started GET "/" for ::1 at 2021-06-19 16:55:52 +0100
  [1m[35m (4.3ms)[0m  [1m[34mSELECT sqlite_version(*)[0m
Processing by Rails::WelcomeController#index as HTML
  Rendering /Users/felixpiercy/.rvm/gems/ruby-3.0.0/gems/railties-6.1.3.2/lib/rails/templates/rails/welcome/index.html.erb
  Rendered /Users/felixpiercy/.rvm/gems/ruby-3.0.0/gems/railties-6.1.3.2/lib/rails/templates/rails/welcome/index.html.erb (Duration: 9.4ms | Allocations: 522)
Completed 200 OK in 34ms (Views: 17.5ms | ActiveRecord: 0.0ms | Allocations: 4421)


Started GET "/" for ::1 at 2021-06-19 16:58:15 +0100
Processing by Rails::WelcomeController#index as HTML
  Rendering /Users/felixpiercy/.rvm/gems/ruby-3.0.0/gems/railties-6.1.3.2/lib/rails/templates/rails/welcome/index.html.erb
  Rendered /Users/felixpiercy/.rvm/gems/ruby-3.0.0/gems/railties-6.1.3.2/lib/rails/templates/rails/welcome/index.html.erb (Duration: 6.1ms | Allocations: 219)
Completed 200 OK in 9ms (Views: 7.7ms | Allocations: 946)


Started GET "/" for ::1 at 2021-06-19 16:59:46 +0100
Processing by Rails::WelcomeController#index as HTML
  Rendering /Users/felixpiercy/.rvm/gems/ruby-3.0.0/gems/railties-6.1.3.2/lib/rails/templates/rails/welcome/index.html.erb
  Rendered /Users/felixpiercy/.rvm/gems/ruby-3.0.0/gems/railties-6.1.3.2/lib/rails/templates/rails/welcome/index.html.erb (Duration: 0.4ms | Allocations: 46)
Completed 200 OK in 2ms (Views: 1.0ms | Allocations: 409)


Started GET "/" for ::1 at 2021-06-19 17:15:11 +0100
Processing by ApplicationController#hello as HTML
  Rendering html template
  Rendered html template (Duration: 0.1ms | Allocations: 33)
Completed 200 OK in 6ms (Views: 5.8ms | Allocations: 703)


  [1m[35m (1.3ms)[0m  [1m[34mSELECT sqlite_version(*)[0m
  [1m[35m (1.7ms)[0m  [1m[35mCREATE TABLE "schema_migrations" ("version" varchar NOT NULL PRIMARY KEY)[0m
  [1m[35m (1.6ms)[0m  [1m[35mCREATE TABLE "ar_internal_metadata" ("key" varchar NOT NULL PRIMARY KEY, "value" varchar, "created_at" datetime(6) NOT NULL, "updated_at" datetime(6) NOT NULL)[0m
  [1m[35m (0.2ms)[0m  [1m[34mSELECT "schema_migrations"."version" FROM "schema_migrations" ORDER BY "schema_migrations"."version" ASC[0m
Migrating to CreateUsers (20210619161937)
  [1m[36mTRANSACTION (0.1ms)[0m  [1m[36mbegin transaction[0m
  [1m[35m (0.4ms)[0m  [1m[35mCREATE TABLE "users" ("id" integer PRIMARY KEY AUTOINCREMENT NOT NULL, "name" varchar, "email" varchar, "created_at" datetime(6) NOT NULL, "updated_at" datetime(6) NOT NULL)[0m
  [1m[36mActiveRecord::SchemaMigration Create (0.3ms)[0m  [1m[32mINSERT INTO "schema_migrations" ("version") VALUES (?)[0m  [["version", "20210619161937"]]
  [1m[36mTRANSACTION (1.2ms)[0m  [1m[36mcommit transaction[0m
  [1m[36mActiveRecord::InternalMetadata Load (0.1ms)[0m  [1m[34mSELECT "ar_internal_metadata".* FROM "ar_internal_metadata" WHERE "ar_internal_metadata"."key" = ? LIMIT ?[0m  [["key", "environment"], ["LIMIT", 1]]
  [1m[36mTRANSACTION (0.1ms)[0m  [1m[36mbegin transaction[0m
  [1m[36mActiveRecord::InternalMetadata Create (0.5ms)[0m  [1m[32mINSERT INTO "ar_internal_metadata" ("key", "value", "created_at", "updated_at") VALUES (?, ?, ?, ?)[0m  [["key", "environment"], ["value", "development"], ["created_at", "2021-06-19 16:19:52.791419"], ["updated_at", "2021-06-19 16:19:52.791419"]]
  [1m[36mTRANSACTION (1.0ms)[0m  [1m[36mcommit transaction[0m
  [1m[35m (0.0ms)[0m  [1m[34mSELECT sqlite_version(*)[0m
  [1m[35m (0.1ms)[0m  [1m[34mSELECT "schema_migrations"."version" FROM "schema_migrations" ORDER BY "schema_migrations"."version" ASC[0m
Started GET "/" for ::1 at 2021-06-19 17:20:21 +0100
  [1m[35m (0.1ms)[0m  [1m[34mSELECT sqlite_version(*)[0m
  [1m[35m (0.2ms)[0m  [1m[34mSELECT "schema_migrations"."version" FROM "schema_migrations" ORDER BY "schema_migrations"."version" ASC[0m
Processing by ApplicationController#hello as HTML
  Rendering html template
  Rendered html template (Duration: 0.1ms | Allocations: 27)
Completed 200 OK in 2ms (Views: 1.1ms | ActiveRecord: 0.0ms | Allocations: 540)


Started GET "/" for ::1 at 2021-06-19 17:21:47 +0100
Processing by ApplicationController#hello as HTML
  Rendering html template
  Rendered html template (Duration: 0.1ms | Allocations: 28)
Completed 200 OK in 1ms (Views: 0.7ms | ActiveRecord: 0.0ms | Allocations: 329)


Started GET "/" for ::1 at 2021-06-19 17:21:49 +0100
Processing by ApplicationController#hello as HTML
  Rendering html template
  Rendered html template (Duration: 0.1ms | Allocations: 27)
Completed 200 OK in 1ms (Views: 0.5ms | ActiveRecord: 0.0ms | Allocations: 325)


Started GET "/user" for ::1 at 2021-06-19 17:21:49 +0100
  
ActionController::RoutingError (No route matches [GET] "/user"):
  
Started GET "/users" for ::1 at 2021-06-19 17:21:50 +0100
Processing by UsersController#index as HTML
  Rendering layout layouts/application.html.erb
  Rendering users/index.html.erb within layouts/application
  [1m[36mUser Load (0.2ms)[0m  [1m[34mSELECT "users".* FROM "users"[0m
  ↳ app/views/users/index.html.erb:15
  Rendered users/index.html.erb within layouts/application (Duration: 2.8ms | Allocations: 1156)
[Webpacker] Compiling...
[Webpacker] Compiled all packs in /Users/felixpiercy/Documents/Makers/projects/marketplace/public/packs
[Webpacker] Though the "loose" option was set to "false" in your @babel/preset-env config, it will not be used for @babel/plugin-proposal-private-methods since the "loose" mode option was set to "true" for @babel/plugin-proposal-class-properties.
The "loose" option must be the same for @babel/plugin-proposal-class-properties, @babel/plugin-proposal-private-methods and @babel/plugin-proposal-private-property-in-object (when they are enabled): you can silence this warning by explicitly adding
	["@babel/plugin-proposal-private-methods", { "loose": true }]
to the "plugins" section of your Babel config.
Though the "loose" option was set to "false" in your @babel/preset-env config, it will not be used for @babel/plugin-proposal-private-methods since the "loose" mode option was set to "true" for @babel/plugin-proposal-class-properties.
The "loose" option must be the same for @babel/plugin-proposal-class-properties, @babel/plugin-proposal-private-methods and @babel/plugin-proposal-private-property-in-object (when they are enabled): you can silence this warning by explicitly adding
	["@babel/plugin-proposal-private-methods", { "loose": true }]
to the "plugins" section of your Babel config.
Though the "loose" option was set to "false" in your @babel/preset-env config, it will not be used for @babel/plugin-proposal-private-methods since the "loose" mode option was set to "true" for @babel/plugin-proposal-class-properties.
The "loose" option must be the same for @babel/plugin-proposal-class-properties, @babel/plugin-proposal-private-methods and @babel/plugin-proposal-private-property-in-object (when they are enabled): you can silence this warning by explicitly adding
	["@babel/plugin-proposal-private-methods", { "loose": true }]
to the "plugins" section of your Babel config.
Though the "loose" option was set to "false" in your @babel/preset-env config, it will not be used for @babel/plugin-proposal-private-methods since the "loose" mode option was set to "true" for @babel/plugin-proposal-class-properties.
The "loose" option must be the same for @babel/plugin-proposal-class-properties, @babel/plugin-proposal-private-methods and @babel/plugin-proposal-private-property-in-object (when they are enabled): you can silence this warning by explicitly adding
	["@babel/plugin-proposal-private-methods", { "loose": true }]
to the "plugins" section of your Babel config.
Though the "loose" option was set to "false" in your @babel/preset-env config, it will not be used for @babel/plugin-proposal-private-methods since the "loose" mode option was set to "true" for @babel/plugin-proposal-class-properties.
The "loose" option must be the same for @babel/plugin-proposal-class-properties, @babel/plugin-proposal-private-methods and @babel/plugin-proposal-private-property-in-object (when they are enabled): you can silence this warning by explicitly adding
	["@babel/plugin-proposal-private-methods", { "loose": true }]
to the "plugins" section of your Babel config.
Though the "loose" option was set to "false" in your @babel/preset-env config, it will not be used for @babel/plugin-proposal-private-methods since the "loose" mode option was set to "true" for @babel/plugin-proposal-class-properties.
The "loose" option must be the same for @babel/plugin-proposal-class-properties, @babel/plugin-proposal-private-methods and @babel/plugin-proposal-private-property-in-object (when they are enabled): you can silence this warning by explicitly adding
	["@babel/plugin-proposal-private-methods", { "loose": true }]
to the "plugins" section of your Babel config.

[Webpacker] Hash: ce14c115e350524bb5a9
Version: webpack 4.46.0
Time: 1609ms
Built at: 19/06/2021 17:21:54
                                     Asset       Size       Chunks                         Chunk Names
    js/application-b43fa54005da8e229d8c.js    125 KiB  application  [emitted] [immutable]  application
js/application-b43fa54005da8e229d8c.js.map    139 KiB  application  [emitted] [dev]        application
                             manifest.json  364 bytes               [emitted]              
Entrypoint application = js/application-b43fa54005da8e229d8c.js js/application-b43fa54005da8e229d8c.js.map
[./app/javascript/channels sync recursive _channel\.js$] ./app/javascript/channels sync _channel\.js$ 160 bytes {application} [built]
[./app/javascript/channels/index.js] 211 bytes {application} [built]
[./app/javascript/packs/application.js] 492 bytes {application} [built]
[./node_modules/webpack/buildin/module.js] (webpack)/buildin/module.js 552 bytes {application} [built]
    + 3 hidden modules

  Rendered layout layouts/application.html.erb (Duration: 4464.2ms | Allocations: 19265)
Completed 200 OK in 4470ms (Views: 4466.0ms | ActiveRecord: 0.2ms | Allocations: 21003)


Started GET "/" for ::1 at 2021-06-19 17:21:58 +0100
Processing by ApplicationController#hello as HTML
  Rendering html template
  Rendered html template (Duration: 0.1ms | Allocations: 27)
Completed 200 OK in 1ms (Views: 0.5ms | ActiveRecord: 0.0ms | Allocations: 409)


Started GET "/" for ::1 at 2021-06-19 17:22:04 +0100
Processing by ApplicationController#hello as HTML
  Rendering html template
  Rendered html template (Duration: 0.0ms | Allocations: 27)
Completed 200 OK in 1ms (Views: 0.3ms | ActiveRecord: 0.0ms | Allocations: 377)


Started GET "/user" for ::1 at 2021-06-19 17:22:05 +0100
  
ActionController::RoutingError (No route matches [GET] "/user"):
  
Started GET "/users/new" for ::1 at 2021-06-19 17:22:06 +0100
Processing by UsersController#new as HTML
  Rendering layout layouts/application.html.erb
  Rendering users/new.html.erb within layouts/application
  Rendered users/_form.html.erb (Duration: 23.5ms | Allocations: 5804)
  Rendered users/new.html.erb within layouts/application (Duration: 24.3ms | Allocations: 6156)
[Webpacker] Everything's up-to-date. Nothing to do
  Rendered layout layouts/application.html.erb (Duration: 30.3ms | Allocations: 9529)
Completed 200 OK in 38ms (Views: 30.8ms | ActiveRecord: 1.1ms | Allocations: 13124)


Started POST "/users" for ::1 at 2021-06-19 17:22:33 +0100
Processing by UsersController#create as HTML
  Parameters: {"authenticity_token"=>"[FILTERED]", "user"=>{"name"=>"Felix", "email"=>"felix@example.com"}, "commit"=>"Create User"}
  [1m[36mTRANSACTION (0.1ms)[0m  [1m[36mbegin transaction[0m
  ↳ app/controllers/users_controller.rb:27:in `block in create'
  [1m[36mUser Create (0.7ms)[0m  [1m[32mINSERT INTO "users" ("name", "email", "created_at", "updated_at") VALUES (?, ?, ?, ?)[0m  [["name", "Felix"], ["email", "felix@example.com"], ["created_at", "2021-06-19 16:22:33.424484"], ["updated_at", "2021-06-19 16:22:33.424484"]]
  ↳ app/controllers/users_controller.rb:27:in `block in create'
  [1m[36mTRANSACTION (1.1ms)[0m  [1m[36mcommit transaction[0m
  ↳ app/controllers/users_controller.rb:27:in `block in create'
Redirected to http://localhost:3000/users/1
Completed 302 Found in 10ms (ActiveRecord: 1.9ms | Allocations: 3178)


Started GET "/users/1" for ::1 at 2021-06-19 17:22:33 +0100
Processing by UsersController#show as HTML
  Parameters: {"id"=>"1"}
  [1m[36mUser Load (0.4ms)[0m  [1m[34mSELECT "users".* FROM "users" WHERE "users"."id" = ? LIMIT ?[0m  [["id", 1], ["LIMIT", 1]]
  ↳ app/controllers/users_controller.rb:62:in `set_user'
  Rendering layout layouts/application.html.erb
  Rendering users/show.html.erb within layouts/application
  Rendered users/show.html.erb within layouts/application (Duration: 0.7ms | Allocations: 280)
[Webpacker] Everything's up-to-date. Nothing to do
  Rendered layout layouts/application.html.erb (Duration: 6.5ms | Allocations: 3697)
Completed 200 OK in 17ms (Views: 7.0ms | ActiveRecord: 0.4ms | Allocations: 7076)


Started GET "/users/1" for ::1 at 2021-06-19 17:22:42 +0100
Processing by UsersController#show as HTML
  Parameters: {"id"=>"1"}
  [1m[36mUser Load (0.1ms)[0m  [1m[34mSELECT "users".* FROM "users" WHERE "users"."id" = ? LIMIT ?[0m  [["id", 1], ["LIMIT", 1]]
  ↳ app/controllers/users_controller.rb:62:in `set_user'
  Rendering layout layouts/application.html.erb
  Rendering users/show.html.erb within layouts/application
  Rendered users/show.html.erb within layouts/application (Duration: 0.2ms | Allocations: 110)
[Webpacker] Everything's up-to-date. Nothing to do
  Rendered layout layouts/application.html.erb (Duration: 6.6ms | Allocations: 3593)
Completed 200 OK in 9ms (Views: 7.0ms | ActiveRecord: 0.1ms | Allocations: 4593)


Started GET "/users" for ::1 at 2021-06-19 17:22:42 +0100
Processing by UsersController#index as HTML
  Rendering layout layouts/application.html.erb
  Rendering users/index.html.erb within layouts/application
  [1m[36mUser Load (0.1ms)[0m  [1m[34mSELECT "users".* FROM "users"[0m
  ↳ app/views/users/index.html.erb:15
  Rendered users/index.html.erb within layouts/application (Duration: 2.1ms | Allocations: 832)
[Webpacker] Everything's up-to-date. Nothing to do
  Rendered layout layouts/application.html.erb (Duration: 7.3ms | Allocations: 4306)
Completed 200 OK in 9ms (Views: 7.9ms | ActiveRecord: 0.1ms | Allocations: 4764)


  [1m[35m (0.4ms)[0m  [1m[34mSELECT sqlite_version(*)[0m
  [1m[35m (0.2ms)[0m  [1m[34mSELECT "schema_migrations"."version" FROM "schema_migrations" ORDER BY "schema_migrations"."version" ASC[0m
Migrating to CreateListings (20210619163124)
  [1m[36mTRANSACTION (0.1ms)[0m  [1m[36mbegin transaction[0m
  [1m[35m (0.6ms)[0m  [1m[35mCREATE TABLE "listings" ("id" integer PRIMARY KEY AUTOINCREMENT NOT NULL, "content" text, "user_id" integer, "created_at" datetime(6) NOT NULL, "updated_at" datetime(6) NOT NULL)[0m
  [1m[36mActiveRecord::SchemaMigration Create (0.6ms)[0m  [1m[32mINSERT INTO "schema_migrations" ("version") VALUES (?)[0m  [["version", "20210619163124"]]
  [1m[36mTRANSACTION (1.0ms)[0m  [1m[36mcommit transaction[0m
  [1m[36mActiveRecord::InternalMetadata Load (0.1ms)[0m  [1m[34mSELECT "ar_internal_metadata".* FROM "ar_internal_metadata" WHERE "ar_internal_metadata"."key" = ? LIMIT ?[0m  [["key", "environment"], ["LIMIT", 1]]
  [1m[35m (0.1ms)[0m  [1m[34mSELECT sqlite_version(*)[0m
  [1m[35m (0.1ms)[0m  [1m[34mSELECT "schema_migrations"."version" FROM "schema_migrations" ORDER BY "schema_migrations"."version" ASC[0m
Started GET "/user" for ::1 at 2021-06-19 17:32:03 +0100
  [1m[35m (0.1ms)[0m  [1m[34mSELECT sqlite_version(*)[0m
  [1m[35m (0.1ms)[0m  [1m[34mSELECT "schema_migrations"."version" FROM "schema_migrations" ORDER BY "schema_migrations"."version" ASC[0m
  
ActionController::RoutingError (No route matches [GET] "/user"):
  
Started GET "/" for ::1 at 2021-06-19 17:32:04 +0100
Processing by UsersController#index as HTML
  Rendering layout layouts/application.html.erb
  Rendering users/index.html.erb within layouts/application
  [1m[36mUser Load (0.1ms)[0m  [1m[34mSELECT "users".* FROM "users"[0m
  ↳ app/views/users/index.html.erb:15
  Rendered users/index.html.erb within layouts/application (Duration: 7.7ms | Allocations: 3384)
[Webpacker] Everything's up-to-date. Nothing to do
  Rendered layout layouts/application.html.erb (Duration: 44.5ms | Allocations: 16013)
Completed 200 OK in 49ms (Views: 46.5ms | ActiveRecord: 0.1ms | Allocations: 17748)


Started GET "/listings/new" for ::1 at 2021-06-19 17:32:10 +0100
Processing by ListingsController#new as HTML
  Rendering layout layouts/application.html.erb
  Rendering listings/new.html.erb within layouts/application
  Rendered listings/_form.html.erb (Duration: 7.0ms | Allocations: 1490)
  Rendered listings/new.html.erb within layouts/application (Duration: 8.1ms | Allocations: 1850)
[Webpacker] Everything's up-to-date. Nothing to do
  Rendered layout layouts/application.html.erb (Duration: 13.9ms | Allocations: 5427)
Completed 200 OK in 23ms (Views: 15.8ms | ActiveRecord: 0.5ms | Allocations: 9131)


Started POST "/listings" for ::1 at 2021-06-19 17:32:24 +0100
Processing by ListingsController#create as HTML
  Parameters: {"authenticity_token"=>"[FILTERED]", "listing"=>{"content"=>"New bike £100 ", "user_id"=>"1"}, "commit"=>"Create Listing"}
  [1m[36mTRANSACTION (0.1ms)[0m  [1m[36mbegin transaction[0m
  ↳ app/controllers/listings_controller.rb:27:in `block in create'
  [1m[36mListing Create (0.6ms)[0m  [1m[32mINSERT INTO "listings" ("content", "user_id", "created_at", "updated_at") VALUES (?, ?, ?, ?)[0m  [["content", "New bike £100 "], ["user_id", 1], ["created_at", "2021-06-19 16:32:24.446490"], ["updated_at", "2021-06-19 16:32:24.446490"]]
  ↳ app/controllers/listings_controller.rb:27:in `block in create'
  [1m[36mTRANSACTION (1.3ms)[0m  [1m[36mcommit transaction[0m
  ↳ app/controllers/listings_controller.rb:27:in `block in create'
Redirected to http://localhost:3000/listings/1
Completed 302 Found in 10ms (ActiveRecord: 2.0ms | Allocations: 2606)


Started GET "/listings/1" for ::1 at 2021-06-19 17:32:24 +0100
Processing by ListingsController#show as HTML
  Parameters: {"id"=>"1"}
  [1m[36mListing Load (0.2ms)[0m  [1m[34mSELECT "listings".* FROM "listings" WHERE "listings"."id" = ? LIMIT ?[0m  [["id", 1], ["LIMIT", 1]]
  ↳ app/controllers/listings_controller.rb:62:in `set_listing'
  Rendering layout layouts/application.html.erb
  Rendering listings/show.html.erb within layouts/application
  Rendered listings/show.html.erb within layouts/application (Duration: 0.6ms | Allocations: 274)
[Webpacker] Everything's up-to-date. Nothing to do
  Rendered layout layouts/application.html.erb (Duration: 5.8ms | Allocations: 3805)
Completed 200 OK in 9ms (Views: 6.2ms | ActiveRecord: 0.2ms | Allocations: 5129)


Started GET "/listings/1" for ::1 at 2021-06-19 17:33:22 +0100
Processing by ListingsController#show as HTML
  Parameters: {"id"=>"1"}
  [1m[36mListing Load (0.1ms)[0m  [1m[34mSELECT "listings".* FROM "listings" WHERE "listings"."id" = ? LIMIT ?[0m  [["id", 1], ["LIMIT", 1]]
  ↳ app/controllers/listings_controller.rb:62:in `set_listing'
  Rendering layout layouts/application.html.erb
  Rendering listings/show.html.erb within layouts/application
  Rendered listings/show.html.erb within layouts/application (Duration: 0.2ms | Allocations: 110)
[Webpacker] Everything's up-to-date. Nothing to do
  Rendered layout layouts/application.html.erb (Duration: 5.6ms | Allocations: 3641)
Completed 200 OK in 8ms (Views: 6.1ms | ActiveRecord: 0.1ms | Allocations: 4638)


Started GET "/listings" for ::1 at 2021-06-19 17:33:22 +0100
Processing by ListingsController#index as HTML
  Rendering layout layouts/application.html.erb
  Rendering listings/index.html.erb within layouts/application
  [1m[36mListing Load (0.1ms)[0m  [1m[34mSELECT "listings".* FROM "listings"[0m
  ↳ app/views/listings/index.html.erb:15
  Rendered listings/index.html.erb within layouts/application (Duration: 2.1ms | Allocations: 1099)
[Webpacker] Everything's up-to-date. Nothing to do
  Rendered layout layouts/application.html.erb (Duration: 8.1ms | Allocations: 4630)
Completed 200 OK in 9ms (Views: 8.4ms | ActiveRecord: 0.1ms | Allocations: 5214)


Started GET "/listings/new" for ::1 at 2021-06-19 17:33:25 +0100
Processing by ListingsController#new as HTML
  Rendering layout layouts/application.html.erb
  Rendering listings/new.html.erb within layouts/application
  Rendered listings/_form.html.erb (Duration: 2.7ms | Allocations: 673)
  Rendered listings/new.html.erb within layouts/application (Duration: 3.4ms | Allocations: 787)
[Webpacker] Everything's up-to-date. Nothing to do
  Rendered layout layouts/application.html.erb (Duration: 9.9ms | Allocations: 4306)
Completed 200 OK in 11ms (Views: 10.6ms | ActiveRecord: 0.0ms | Allocations: 4769)


Started POST "/listings" for ::1 at 2021-06-19 17:33:37 +0100
Processing by ListingsController#create as HTML
  Parameters: {"authenticity_token"=>"[FILTERED]", "listing"=>{"content"=>"Spare tyre £5", "user_id"=>"1"}, "commit"=>"Create Listing"}
  [1m[36mTRANSACTION (0.1ms)[0m  [1m[36mbegin transaction[0m
  ↳ app/controllers/listings_controller.rb:27:in `block in create'
  [1m[36mListing Create (0.5ms)[0m  [1m[32mINSERT INTO "listings" ("content", "user_id", "created_at", "updated_at") VALUES (?, ?, ?, ?)[0m  [["content", "Spare tyre £5"], ["user_id", 1], ["created_at", "2021-06-19 16:33:37.914310"], ["updated_at", "2021-06-19 16:33:37.914310"]]
  ↳ app/controllers/listings_controller.rb:27:in `block in create'
  [1m[36mTRANSACTION (1.5ms)[0m  [1m[36mcommit transaction[0m
  ↳ app/controllers/listings_controller.rb:27:in `block in create'
Redirected to http://localhost:3000/listings/2
Completed 302 Found in 8ms (ActiveRecord: 2.0ms | Allocations: 2466)


Started GET "/listings/2" for ::1 at 2021-06-19 17:33:37 +0100
Processing by ListingsController#show as HTML
  Parameters: {"id"=>"2"}
  [1m[36mListing Load (0.1ms)[0m  [1m[34mSELECT "listings".* FROM "listings" WHERE "listings"."id" = ? LIMIT ?[0m  [["id", 2], ["LIMIT", 1]]
  ↳ app/controllers/listings_controller.rb:62:in `set_listing'
  Rendering layout layouts/application.html.erb
  Rendering listings/show.html.erb within layouts/application
  Rendered listings/show.html.erb within layouts/application (Duration: 0.3ms | Allocations: 112)
[Webpacker] Everything's up-to-date. Nothing to do
  Rendered layout layouts/application.html.erb (Duration: 5.7ms | Allocations: 3644)
Completed 200 OK in 8ms (Views: 6.2ms | ActiveRecord: 0.1ms | Allocations: 4652)


Started GET "/listings/new" for ::1 at 2021-06-19 17:33:47 +0100
Processing by ListingsController#new as HTML
  Rendering layout layouts/application.html.erb
  Rendering listings/new.html.erb within layouts/application
  Rendered listings/_form.html.erb (Duration: 1.0ms | Allocations: 673)
  Rendered listings/new.html.erb within layouts/application (Duration: 1.3ms | Allocations: 787)
[Webpacker] Everything's up-to-date. Nothing to do
  Rendered layout layouts/application.html.erb (Duration: 7.1ms | Allocations: 4306)
Completed 200 OK in 9ms (Views: 7.6ms | ActiveRecord: 0.0ms | Allocations: 4766)


Started GET "/listings" for ::1 at 2021-06-19 17:33:47 +0100
Processing by ListingsController#index as HTML
  Rendering layout layouts/application.html.erb
  Rendering listings/index.html.erb within layouts/application
  [1m[36mListing Load (0.1ms)[0m  [1m[34mSELECT "listings".* FROM "listings"[0m
  ↳ app/views/listings/index.html.erb:15
  Rendered listings/index.html.erb within layouts/application (Duration: 1.8ms | Allocations: 926)
[Webpacker] Everything's up-to-date. Nothing to do
  Rendered layout layouts/application.html.erb (Duration: 8.1ms | Allocations: 4457)
Completed 200 OK in 9ms (Views: 8.6ms | ActiveRecord: 0.1ms | Allocations: 4915)


Started GET "/listings/new" for ::1 at 2021-06-19 17:35:05 +0100
Processing by ListingsController#new as HTML
  [1m[35m (0.1ms)[0m  [1m[34mSELECT sqlite_version(*)[0m
  ↳ app/controllers/listings_controller.rb:15:in `new'
  Rendering layout layouts/application.html.erb
  Rendering listings/new.html.erb within layouts/application
  Rendered listings/_form.html.erb (Duration: 2.2ms | Allocations: 801)
  Rendered listings/new.html.erb within layouts/application (Duration: 2.5ms | Allocations: 926)
[Webpacker] Everything's up-to-date. Nothing to do
  Rendered layout layouts/application.html.erb (Duration: 8.2ms | Allocations: 4492)
Completed 200 OK in 18ms (Views: 9.1ms | ActiveRecord: 1.0ms | Allocations: 8844)


Started POST "/listings" for ::1 at 2021-06-19 17:35:27 +0100
Processing by ListingsController#create as HTML
  Parameters: {"authenticity_token"=>"[FILTERED]", "listing"=>{"content"=>"qwertyuiop[asdfghjklzxcvbnmqwertyuiop[asdfghjklzxcvbnmqwertyuiop[asdfghjklzxcvbnmqwertyuiop[asdfghjklzxcvbnmqwertyuiop[asdfghjklzxcvbnmqwertyuiop[asdfghjklzxcvbnmqwertyuiop[asdfghjklzxcvbnmqwertyuiop[asdfghjklzxcvbnmqwertyuiop[asdfghjklzxcvbnmqwertyuiop[asdfghjklzxcvbnmqwertyuiop[asdfghjklzxcvbnmqwertyuiop[asdfghjklzxcvbnmqwertyuiop[asdfghjklzxcvbnmqwertyuiop[asdfghjklzxcvbnmqwertyuiop[asdfghjklzxcvbnmqwertyuiop[asdfghjklzxcvbnmqwertyuiop[asdfghjklzxcvbnmqwertyuiop[asdfghjklzxcvbnmqwertyuiop[asdfghjklzxcvbnmqwertyuiop[asdfghjklzxcvbnmqwertyuiop[asdfghjklzxcvbnm", "user_id"=>"1"}, "commit"=>"Create Listing"}
  Rendering layout layouts/application.html.erb
  Rendering listings/new.html.erb within layouts/application
  Rendered listings/_form.html.erb (Duration: 3.1ms | Allocations: 1663)
  Rendered listings/new.html.erb within layouts/application (Duration: 3.5ms | Allocations: 1777)
[Webpacker] Everything's up-to-date. Nothing to do
  Rendered layout layouts/application.html.erb (Duration: 10.3ms | Allocations: 5231)
Completed 422 Unprocessable Entity in 12ms (Views: 10.8ms | ActiveRecord: 0.0ms | Allocations: 6432)


Started POST "/listings" for ::1 at 2021-06-20 10:55:38 +0100
Processing by ListingsController#create as HTML
  Parameters: {"authenticity_token"=>"[FILTERED]", "listing"=>{"content"=>"qwertyuiop[asdfghjklzxcvbnmqwertyuiop[asdfghjklzxcvbnmqwertyuiop[asdfghjklzxcvbnmqwertyuiop[asdfghjklzxcvbnmqwertyuiop[asdfghjklzxcvbnmqwertyuiop[asdfghjklzxcvbnmqwertyuiop[asdfghjklzxcvbnmqwertyuiop[asdfghjklzxcvbnmqwertyuiop[asdfghjklzxcvbnmqwertyuiop[asdfghjklzxcvbnmqwertyuiop[asdfghjklzxcvbnmqwertyuiop[asdfghjklzxcvbnmqwertyuiop[asdfghjklzxcvbnmqwertyuiop[asdfghjklzxcvbnmqwertyuiop[asdfghjklzxcvbnmqwertyuiop[asdfghjklzxcvbnmqwertyuiop[asdfghjklzxcvbnmqwertyuiop[asdfghjklzxcvbnmqwertyuiop[asdfghjklzxcvbnmqwertyuiop[asdfghjklzxcvbnmqwertyuiop[asdfghjklzxcvbnm", "user_id"=>"1"}, "commit"=>"Create Listing"}
Completed 500 Internal Server Error in 7ms (Allocations: 5150)


  
NoMethodError (undefined method `to' for Listing:Class):
  
app/models/listing.rb:2:in `<class:Listing>'
app/models/listing.rb:1:in `<main>'
app/controllers/listings_controller.rb:24:in `create'
Started POST "/listings" for ::1 at 2021-06-20 10:55:49 +0100
Processing by ListingsController#create as HTML
  Parameters: {"authenticity_token"=>"[FILTERED]", "listing"=>{"content"=>"qwertyuiop[asdfghjklzxcvbnmqwertyuiop[asdfghjklzxcvbnmqwertyuiop[asdfghjklzxcvbnmqwertyuiop[asdfghjklzxcvbnmqwertyuiop[asdfghjklzxcvbnmqwertyuiop[asdfghjklzxcvbnmqwertyuiop[asdfghjklzxcvbnmqwertyuiop[asdfghjklzxcvbnmqwertyuiop[asdfghjklzxcvbnmqwertyuiop[asdfghjklzxcvbnmqwertyuiop[asdfghjklzxcvbnmqwertyuiop[asdfghjklzxcvbnmqwertyuiop[asdfghjklzxcvbnmqwertyuiop[asdfghjklzxcvbnmqwertyuiop[asdfghjklzxcvbnmqwertyuiop[asdfghjklzxcvbnmqwertyuiop[asdfghjklzxcvbnmqwertyuiop[asdfghjklzxcvbnmqwertyuiop[asdfghjklzxcvbnmqwertyuiop[asdfghjklzxcvbnmqwertyuiop[asdfghjklzxcvbnm", "user_id"=>"1"}, "commit"=>"Create Listing"}
  [1m[35m (0.1ms)[0m  [1m[34mSELECT sqlite_version(*)[0m
  ↳ app/controllers/listings_controller.rb:24:in `create'
  [1m[36mTRANSACTION (0.1ms)[0m  [1m[36mbegin transaction[0m
  ↳ app/controllers/listings_controller.rb:27:in `block in create'
  [1m[36mUser Load (0.7ms)[0m  [1m[34mSELECT "users".* FROM "users" WHERE "users"."id" = ? LIMIT ?[0m  [["id", 1], ["LIMIT", 1]]
  ↳ app/controllers/listings_controller.rb:27:in `block in create'
  [1m[36mTRANSACTION (0.1ms)[0m  [1m[31mrollback transaction[0m
  ↳ app/controllers/listings_controller.rb:27:in `block in create'
  Rendering layout layouts/application.html.erb
  Rendering listings/new.html.erb within layouts/application
  Rendered listings/_form.html.erb (Duration: 2.9ms | Allocations: 1688)
  Rendered listings/new.html.erb within layouts/application (Duration: 3.1ms | Allocations: 1813)
[Webpacker] Everything's up-to-date. Nothing to do
  Rendered layout layouts/application.html.erb (Duration: 9.7ms | Allocations: 5335)
Completed 422 Unprocessable Entity in 60ms (Views: 10.5ms | ActiveRecord: 1.7ms | Allocations: 20237)


